[debug] [2018-05-28T23:27:04.730Z] ----------------------------------------------------------------------
[debug] [2018-05-28T23:27:04.732Z] Command:       /usr/local/Cellar/node/9.5.0/bin/node /usr/local/bin/firebase deploy
[debug] [2018-05-28T23:27:04.732Z] CLI Version:   3.18.5
[debug] [2018-05-28T23:27:04.732Z] Platform:      darwin
[debug] [2018-05-28T23:27:04.732Z] Node Version:  v9.5.0
[debug] [2018-05-28T23:27:04.732Z] Time:          Tue May 29 2018 06:27:04 GMT+0700 (+07)
[debug] [2018-05-28T23:27:04.733Z] ----------------------------------------------------------------------
[debug] 
[debug] [2018-05-28T23:27:04.746Z] > command requires scopes: ["email","openid","https://www.googleapis.com/auth/cloudplatformprojects.readonly","https://www.googleapis.com/auth/firebase","https://www.googleapis.com/auth/cloud-platform"]
[debug] [2018-05-28T23:27:04.746Z] > authorizing via signed-in user
[debug] [2018-05-28T23:27:04.748Z] > refreshing access token with scopes: ["email","https://www.googleapis.com/auth/cloud-platform","https://www.googleapis.com/auth/cloudplatformprojects.readonly","https://www.googleapis.com/auth/firebase","openid"]
[debug] [2018-05-28T23:27:04.748Z] >>> HTTP REQUEST POST https://www.googleapis.com/oauth2/v3/token  
 { refresh_token: '1/J2a6dp7VCI-FJ_s6Yt2zDypLJqvmLWXny7w32npVvamMNQGP8bsvprSV45wQy6iL',
  client_id: '563584335869-fgrhgmd47bqnekij5i8b5pr03ho849e6.apps.googleusercontent.com',
  client_secret: 'j9iVZfS8kkCEFUPaAeJV0sAi',
  grant_type: 'refresh_token',
  scope: 'email https://www.googleapis.com/auth/cloud-platform https://www.googleapis.com/auth/cloudplatformprojects.readonly https://www.googleapis.com/auth/firebase openid' } 
 Tue May 29 2018 06:27:04 GMT+0700 (+07)
[debug] [2018-05-28T23:27:04.956Z] <<< HTTP RESPONSE 200
[debug] [2018-05-28T23:27:04.977Z] >>> HTTP REQUEST GET https://admin.firebase.com/v1/projects/rompboy-5600f  
  
 Tue May 29 2018 06:27:04 GMT+0700 (+07)
[debug] [2018-05-28T23:27:06.142Z] <<< HTTP RESPONSE 200
[debug] [2018-05-28T23:27:06.143Z] >>> HTTP REQUEST GET https://admin.firebase.com/v1/database/rompboy-5600f/tokens  
  
 Tue May 29 2018 06:27:06 GMT+0700 (+07)
[debug] [2018-05-28T23:27:07.222Z] <<< HTTP RESPONSE 200
[info] 
[info] === Deploying to 'rompboy-5600f'...
[info] 
[info] i  deploying database, hosting
[debug] [2018-05-28T23:27:08.667Z] Error: ENOENT: no such file or directory, open '/Users/gritin_m/project-hci/database.rules.json'
    at Object.fs.openSync (fs.js:663:18)
    at Object.fs.readFileSync (fs.js:568:33)
    at Config.readProjectFile (/usr/local/lib/node_modules/firebase-tools/lib/config.js:176:22)
    at /usr/local/lib/node_modules/firebase-tools/lib/deploy/database/prepare.js:52:42
    at /usr/local/lib/node_modules/firebase-tools/node_modules/lodash/lodash.js:4925:15
    at baseForOwn (/usr/local/lib/node_modules/firebase-tools/node_modules/lodash/lodash.js:3010:24)
    at /usr/local/lib/node_modules/firebase-tools/node_modules/lodash/lodash.js:4894:18
    at Function.forEach (/usr/local/lib/node_modules/firebase-tools/node_modules/lodash/lodash.js:9342:14)
    at module.exports (/usr/local/lib/node_modules/firebase-tools/lib/deploy/database/prepare.js:49:5)
    at _chain (/usr/local/lib/node_modules/firebase-tools/lib/deploy/index.js:26:38)
[error] 
[error] Error: An unexpected error has occurred.
